mode: set
/home/lzuccarelli/Projects/myportfolio/myportfolio-middlewareinterface/handlers.go:22.60,31.14 6 1
/home/lzuccarelli/Projects/myportfolio/myportfolio-middlewareinterface/handlers.go:35.2,35.46 1 1
/home/lzuccarelli/Projects/myportfolio/myportfolio-middlewareinterface/handlers.go:38.2,45.29 6 1
/home/lzuccarelli/Projects/myportfolio/myportfolio-middlewareinterface/handlers.go:84.2,84.22 1 1
/home/lzuccarelli/Projects/myportfolio/myportfolio-middlewareinterface/handlers.go:31.14,34.3 2 1
/home/lzuccarelli/Projects/myportfolio/myportfolio-middlewareinterface/handlers.go:35.46,37.3 1 1
/home/lzuccarelli/Projects/myportfolio/myportfolio-middlewareinterface/handlers.go:45.29,51.43 6 1
/home/lzuccarelli/Projects/myportfolio/myportfolio-middlewareinterface/handlers.go:55.3,57.17 3 1
/home/lzuccarelli/Projects/myportfolio/myportfolio-middlewareinterface/handlers.go:62.3,63.18 2 1
/home/lzuccarelli/Projects/myportfolio/myportfolio-middlewareinterface/handlers.go:68.3,72.17 4 1
/home/lzuccarelli/Projects/myportfolio/myportfolio-middlewareinterface/handlers.go:77.3,78.48 2 1
/home/lzuccarelli/Projects/myportfolio/myportfolio-middlewareinterface/handlers.go:51.43,54.4 2 0
/home/lzuccarelli/Projects/myportfolio/myportfolio-middlewareinterface/handlers.go:57.17,60.4 2 0
/home/lzuccarelli/Projects/myportfolio/myportfolio-middlewareinterface/handlers.go:63.18,66.4 2 0
/home/lzuccarelli/Projects/myportfolio/myportfolio-middlewareinterface/handlers.go:72.17,75.4 2 0
/home/lzuccarelli/Projects/myportfolio/myportfolio-middlewareinterface/handlers.go:79.8,83.3 3 1
/home/lzuccarelli/Projects/myportfolio/myportfolio-middlewareinterface/handlers.go:87.55,96.14 6 1
/home/lzuccarelli/Projects/myportfolio/myportfolio-middlewareinterface/handlers.go:100.2,103.24 2 1
/home/lzuccarelli/Projects/myportfolio/myportfolio-middlewareinterface/handlers.go:106.2,109.16 4 1
/home/lzuccarelli/Projects/myportfolio/myportfolio-middlewareinterface/handlers.go:120.2,121.18 2 1
/home/lzuccarelli/Projects/myportfolio/myportfolio-middlewareinterface/handlers.go:96.14,99.3 2 0
/home/lzuccarelli/Projects/myportfolio/myportfolio-middlewareinterface/handlers.go:103.24,105.3 1 1
/home/lzuccarelli/Projects/myportfolio/myportfolio-middlewareinterface/handlers.go:109.16,112.3 2 0
/home/lzuccarelli/Projects/myportfolio/myportfolio-middlewareinterface/handlers.go:112.8,115.15 3 1
/home/lzuccarelli/Projects/myportfolio/myportfolio-middlewareinterface/handlers.go:115.15,118.4 2 0
/home/lzuccarelli/Projects/myportfolio/myportfolio-middlewareinterface/middleware.go:19.62,25.27 4 1
/home/lzuccarelli/Projects/myportfolio/myportfolio-middlewareinterface/middleware.go:31.2,32.16 2 1
/home/lzuccarelli/Projects/myportfolio/myportfolio-middlewareinterface/middleware.go:37.2,38.16 2 1
/home/lzuccarelli/Projects/myportfolio/myportfolio-middlewareinterface/middleware.go:46.2,47.27 2 1
/home/lzuccarelli/Projects/myportfolio/myportfolio-middlewareinterface/middleware.go:25.27,29.3 3 1
/home/lzuccarelli/Projects/myportfolio/myportfolio-middlewareinterface/middleware.go:32.16,35.3 2 0
/home/lzuccarelli/Projects/myportfolio/myportfolio-middlewareinterface/middleware.go:38.16,41.3 2 1
/home/lzuccarelli/Projects/myportfolio/myportfolio-middlewareinterface/middleware.go:41.8,44.3 2 1
/home/lzuccarelli/Projects/myportfolio/myportfolio-middlewareinterface/middleware.go:52.61,58.27 4 1
/home/lzuccarelli/Projects/myportfolio/myportfolio-middlewareinterface/middleware.go:64.2,65.16 2 1
/home/lzuccarelli/Projects/myportfolio/myportfolio-middlewareinterface/middleware.go:70.2,71.16 2 1
/home/lzuccarelli/Projects/myportfolio/myportfolio-middlewareinterface/middleware.go:84.2,85.27 2 1
/home/lzuccarelli/Projects/myportfolio/myportfolio-middlewareinterface/middleware.go:58.27,62.3 3 1
/home/lzuccarelli/Projects/myportfolio/myportfolio-middlewareinterface/middleware.go:65.16,68.3 2 0
/home/lzuccarelli/Projects/myportfolio/myportfolio-middlewareinterface/middleware.go:71.16,74.3 2 1
/home/lzuccarelli/Projects/myportfolio/myportfolio-middlewareinterface/middleware.go:74.8,76.15 2 1
/home/lzuccarelli/Projects/myportfolio/myportfolio-middlewareinterface/middleware.go:76.15,79.4 2 0
/home/lzuccarelli/Projects/myportfolio/myportfolio-middlewareinterface/middleware.go:79.9,81.4 1 1
/home/lzuccarelli/Projects/myportfolio/myportfolio-middlewareinterface/middleware.go:88.54,92.2 3 1
/home/lzuccarelli/Projects/myportfolio/myportfolio-middlewareinterface/middleware.go:95.57,97.38 2 1
/home/lzuccarelli/Projects/myportfolio/myportfolio-middlewareinterface/middleware.go:104.2,110.134 5 1
/home/lzuccarelli/Projects/myportfolio/myportfolio-middlewareinterface/middleware.go:97.38,99.29 2 0
/home/lzuccarelli/Projects/myportfolio/myportfolio-middlewareinterface/middleware.go:99.29,101.4 1 0
